[2026-03-25T23:58:37.869Z] [INFO] Registered default task handlers
[2026-03-25T23:58:37.871Z] [INFO] ==================================================
[2026-03-25T23:58:37.871Z] [INFO] Brixa Node Engine Starting...
[2026-03-25T23:58:37.871Z] [INFO] Node ID: null
[2026-03-25T23:58:37.871Z] [INFO] Role: general
[2026-03-25T23:58:37.871Z] [INFO] Port: 3000
[2026-03-25T23:58:37.871Z] [INFO] ==================================================
[2026-03-25T23:58:37.871Z] [INFO] Loaded node state from file
[2026-03-25T23:58:37.872Z] [INFO] Network layer started
[2026-03-25T23:58:37.873Z] [INFO] ✓ Node started successfully
[2026-03-25T23:58:37.873Z] [INFO]   - Node ID: null
[2026-03-25T23:58:37.873Z] [INFO]   - API: http://localhost:3000
[2026-03-25T23:58:37.873Z] [INFO]   - Endpoints:
[2026-03-25T23:58:37.873Z] [INFO]     GET  /health - Health check
[2026-03-25T23:58:37.873Z] [INFO]     GET  /state  - World state
[2026-03-25T23:58:37.873Z] [INFO]     POST /task  - Submit task
[2026-03-25T23:58:37.874Z] [INFO] Running test: world_tick task...
[2026-03-25T23:58:37.874Z] [INFO] Processing task: task_1774483117874_vj7wte_1 (world_tick)
[2026-03-25T23:58:37.874Z] [INFO] Routing task task_1774483117874_vj7wte_1 of type world_tick
[2026-03-25T23:58:37.874Z] [INFO] Executing task task_1774483117874_vj7wte_1 (type: world_tick)
[2026-03-25T23:58:37.874Z] [INFO] Handling world_tick task
[2026-03-25T23:58:37.874Z] [INFO] Loaded world state from file
[2026-03-25T23:58:37.874Z] [INFO] Task task_1774483117874_vj7wte_1 completed in 0ms
[2026-03-25T23:58:37.875Z] [INFO] ✓ Test passed: world_tick
[2026-03-25T23:58:37.875Z] [INFO]   Result: tick #26, 3 entities
[2026-03-25T23:58:37.878Z] [INFO] API Server listening on http://0.0.0.0:3000
[2026-03-25T23:58:40.874Z] [INFO] Received task: task_1774483120874_e1s2km_2 (quest)
[2026-03-25T23:58:40.875Z] [INFO] Processing task: task_1774483120874_e1s2km_2 (quest)
[2026-03-25T23:58:40.875Z] [INFO] Routing task task_1774483120874_e1s2km_2 of type quest
[2026-03-25T23:58:40.875Z] [INFO] Executing task task_1774483120874_e1s2km_2 (type: quest)
[2026-03-25T23:58:40.875Z] [INFO] Handling quest task: generate
[2026-03-25T23:58:40.875Z] [ERROR] Task task_1774483120874_e1s2km_2 failed: stateManager.getState is not a function
[2026-03-25T23:59:13.168Z] [INFO] Received SIGTERM, shutting down...
[2026-03-25T23:59:13.168Z] [INFO] Stopping node...
[2026-03-25T23:59:13.169Z] [INFO] API Server stopped
[2026-03-25T23:59:13.169Z] [INFO] Network layer stopped
[2026-03-25T23:59:13.169Z] [INFO] Node stopped
